0 info it worked if it ends with ok
1 verbose cli [ 'C:\\Program Files (x86)\\nodejs\\node.exe',
1 verbose cli   'C:\\Program Files (x86)\\nodejs\\node_modules\\npm\\bin\\npm-cli.js',
1 verbose cli   'i',
1 verbose cli   'Gridfs' ]
2 info using npm@2.15.9
3 info using node@v4.5.0
4 verbose install initial load of C:\src\per\package.json
5 warn package.json per@1.0.0 No repository field.
6 warn package.json per@1.0.0 No README data
7 verbose installManyTop reading scoped package data from C:\src\per\node_modules\body-parser\package.json
8 verbose installManyTop reading scoped package data from C:\src\per\node_modules\express\package.json
9 verbose installManyTop reading scoped package data from C:\src\per\node_modules\mongodb\package.json
10 verbose installManyTop reading scoped package data from C:\src\per\node_modules\nodemon\package.json
11 verbose readDependencies loading dependencies from C:\src\per\package.json
12 silly cache add args [ 'Gridfs', null ]
13 verbose cache add spec Gridfs
14 silly cache add parsed spec Result {
14 silly cache add   raw: 'Gridfs',
14 silly cache add   scope: null,
14 silly cache add   name: 'Gridfs',
14 silly cache add   rawSpec: '',
14 silly cache add   spec: 'latest',
14 silly cache add   type: 'tag' }
15 silly addNamed Gridfs@latest
16 verbose addNamed "latest" is being treated as a dist-tag for Gridfs
17 info addNameTag [ 'Gridfs', 'latest' ]
18 silly mapToRegistry name Gridfs
19 silly mapToRegistry using default registry
20 silly mapToRegistry registry https://registry.npmjs.org/
21 silly mapToRegistry data Result {
21 silly mapToRegistry   raw: 'Gridfs',
21 silly mapToRegistry   scope: null,
21 silly mapToRegistry   name: 'Gridfs',
21 silly mapToRegistry   rawSpec: '',
21 silly mapToRegistry   spec: 'latest',
21 silly mapToRegistry   type: 'tag' }
22 silly mapToRegistry uri https://registry.npmjs.org/Gridfs
23 verbose addNameTag registry:https://registry.npmjs.org/Gridfs not in flight; fetching
24 verbose request uri https://registry.npmjs.org/Gridfs
25 verbose request no auth needed
26 info attempt registry request try #1 at 10:31:12 PM
27 verbose request id 3ae4c49ca60c5053
28 http request GET https://registry.npmjs.org/Gridfs
29 info retry will retry, error on last attempt: Error: tunneling socket could not be established, cause=getaddrinfo ENOTFOUND proxy1.ddn.upes.ac.in proxy1.ddn.upes.ac.in:8080
30 info attempt registry request try #2 at 10:31:22 PM
31 http request GET https://registry.npmjs.org/Gridfs
32 info retry will retry, error on last attempt: Error: tunneling socket could not be established, cause=getaddrinfo ENOTFOUND proxy1.ddn.upes.ac.in proxy1.ddn.upes.ac.in:8080
33 info attempt registry request try #3 at 10:32:22 PM
34 http request GET https://registry.npmjs.org/Gridfs
35 verbose stack Error: tunneling socket could not be established, cause=getaddrinfo ENOTFOUND proxy1.ddn.upes.ac.in proxy1.ddn.upes.ac.in:8080
35 verbose stack     at ClientRequest.onError (C:\Program Files (x86)\nodejs\node_modules\npm\node_modules\request\node_modules\tunnel-agent\index.js:176:17)
35 verbose stack     at ClientRequest.g (events.js:260:16)
35 verbose stack     at emitOne (events.js:77:13)
35 verbose stack     at ClientRequest.emit (events.js:169:7)
35 verbose stack     at Socket.socketErrorListener (_http_client.js:269:9)
35 verbose stack     at emitOne (events.js:77:13)
35 verbose stack     at Socket.emit (events.js:169:7)
35 verbose stack     at connectErrorNT (net.js:1012:8)
35 verbose stack     at nextTickCallbackWith2Args (node.js:442:9)
35 verbose stack     at process._tickCallback (node.js:356:17)
36 verbose cwd C:\src\per
37 error Windows_NT 10.0.10240
38 error argv "C:\\Program Files (x86)\\nodejs\\node.exe" "C:\\Program Files (x86)\\nodejs\\node_modules\\npm\\bin\\npm-cli.js" "i" "Gridfs"
39 error node v4.5.0
40 error npm  v2.15.9
41 error code ECONNRESET
42 error network tunneling socket could not be established, cause=getaddrinfo ENOTFOUND proxy1.ddn.upes.ac.in proxy1.ddn.upes.ac.in:8080
42 error network This is most likely not a problem with npm itself
42 error network and is related to network connectivity.
42 error network In most cases you are behind a proxy or have bad network settings.
42 error network
42 error network If you are behind a proxy, please make sure that the
42 error network 'proxy' config is set properly.  See: 'npm help config'
43 verbose exit [ 1, true ]
